
> dpi-4:-emergency-resource-allocation-dashboard@0.0.0 build
> vite build

[36mvite v6.4.1 [32mbuilding for production...[36m[39m
node.exe : 
At line:1 char:1
+ & "C:\Program Files\nodejs/node.exe" "C:\Program Files\nodejs/node_mo ...
+ ~~~~~~~~~~~~~~~~~~~~~~~~~~~~~~~~~~~~~~~~~~~~~~~~~~~~~~~~~~~~~~~~~~~~~
    + CategoryInfo          : NotSpecified: (:String) [], RemoteException
    + FullyQualifiedErrorId : NativeCommandError
 
/index.css doesn't exist at build time, it will remain unchanged to be resolved at runtime
transforming...
[32mΓ£ô[39m 1711 modules transformed.
[31mΓ£ù[39m Build failed in 4.78s
[31merror during build:
[31m[vite:css] [postcss] C:/Users/HP/OneDrive/Desktop/impstuff/deck/projects/ml_and_ds_project/HACK_NAGPUR2.0/emergenc
y-dashboard-complete/emergency-dashboard/css/components/SummaryStats.css:9:3: @apply should not be used with the 
'group' utility[31m
file: [36mC:/Users/HP/OneDrive/Desktop/impstuff/deck/projects/ml_and_ds_project/HACK_NAGPUR2.0/emergency-dashboard-com
plete/emergency-dashboard/css/components/SummaryStats.css:9:2[31m
    at Input.error (C:\Users\HP\OneDrive\Desktop\impstuff\deck\projects\ml_and_ds_project\HACK_NAGPUR2.0\emergency-dash
board-complete\emergency-dashboard\node_modules\postcss\lib\input.js:135:16)
    at AtRule.error (C:\Users\HP\OneDrive\Desktop\impstuff\deck\projects\ml_and_ds_project\HACK_NAGPUR2.0\emergency-das
hboard-complete\emergency-dashboard\node_modules\postcss\lib\node.js:146:32)
    at processApply (C:\Users\HP\OneDrive\Desktop\impstuff\deck\projects\ml_and_ds_project\HACK_NAGPUR2.0\emergency-das
hboard-complete\emergency-dashboard\node_modules\tailwindcss\lib\lib\expandApplyAtRules.js:377:29)
    at C:\Users\HP\OneDrive\Desktop\impstuff\deck\projects\ml_and_ds_project\HACK_NAGPUR2.0\emergency-dashboard-complet
e\emergency-dashboard\node_modules\tailwindcss\lib\lib\expandApplyAtRules.js:551:9
    at C:\Users\HP\OneDrive\Desktop\impstuff\deck\projects\ml_and_ds_project\HACK_NAGPUR2.0\emergency-dashboard-complet
e\emergency-dashboard\node_modules\tailwindcss\lib\processTailwindFeatures.js:55:50
    at async plugins (C:\Users\HP\OneDrive\Desktop\impstuff\deck\projects\ml_and_ds_project\HACK_NAGPUR2.0\emergency-da
shboard-complete\emergency-dashboard\node_modules\tailwindcss\lib\plugin.js:38:17)
    at async LazyResult.runAsync (C:\Users\HP\OneDrive\Desktop\impstuff\deck\projects\ml_and_ds_project\HACK_NAGPUR2.0\
emergency-dashboard-complete\emergency-dashboard\node_modules\postcss\lib\lazy-result.js:293:11)
    at async runPostCSS (file:///C:/Users/HP/OneDrive/Desktop/impstuff/deck/projects/ml_and_ds_project/HACK_NAGPUR2.0/e
mergency-dashboard-complete/emergency-dashboard/node_modules/vite/dist/node/chunks/dep-D4NMHUTW.js:43853:21)
    at async compilePostCSS (file:///C:/Users/HP/OneDrive/Desktop/impstuff/deck/projects/ml_and_ds_project/HACK_NAGPUR2
.0/emergency-dashboard-complete/emergency-dashboard/node_modules/vite/dist/node/chunks/dep-D4NMHUTW.js:43823:18)
    at async compileCSS (file:///C:/Users/HP/OneDrive/Desktop/impstuff/deck/projects/ml_and_ds_project/HACK_NAGPUR2.0/e
mergency-dashboard-complete/emergency-dashboard/node_modules/vite/dist/node/chunks/dep-D4NMHUTW.js:43678:27)[39m
